<?xml version="1.0" encoding="UTF-8"?>
<!-- Generated by org.testng.reporters.JUnitXMLReporter -->
<testsuite ignored="0" hostname="LAPTOP-SIM54IRQ" failures="0" tests="4" name="Default test" time="109.744" errors="0" timestamp="09 Dec 2021 09:23:56 GMT">
  <testcase classname="Test.RecruitmentTests" name="VerifyLogin" time="25.646"/>
  <testcase classname="Test.RecruitmentTests" name="Add" time="32.123"/>
  <testcase classname="Test.RecruitmentTests" name="Search" time="40.913"/>
  <testcase classname="Test.RecruitmentTests" name="delete" time="8.996"/>
</testsuite> <!-- Default test -->
