<?xml version="1.0" encoding="UTF-8"?>
<testng-results ignored="0" total="4" passed="4" failed="0" skipped="0">
  <reporter-output>
  </reporter-output>
  <suite started-at="2021-12-09T09:22:06Z" name="Default suite" finished-at="2021-12-09T09:23:56Z" duration-ms="109744">
    <groups>
    </groups>
    <test started-at="2021-12-09T09:22:06Z" name="Default test" finished-at="2021-12-09T09:23:56Z" duration-ms="109744">
      <class name="Test.RecruitmentTests">
        <test-method is-config="true" signature="setUp()[pri:0, instance:Test.RecruitmentTests@49bf29c6]" started-at="2021-12-09T09:22:06Z" name="setUp" finished-at="2021-12-09T09:22:08Z" duration-ms="1933" status="PASS">
          <reporter-output>
          </reporter-output>
        </test-method> <!-- setUp -->
        <test-method signature="VerifyLogin()[pri:0, instance:Test.RecruitmentTests@49bf29c6]" started-at="2021-12-09T09:22:08Z" name="VerifyLogin" finished-at="2021-12-09T09:22:34Z" duration-ms="25646" status="PASS">
          <reporter-output>
          </reporter-output>
        </test-method> <!-- VerifyLogin -->
        <test-method signature="Add()[pri:1, instance:Test.RecruitmentTests@49bf29c6]" started-at="2021-12-09T09:22:34Z" name="Add" finished-at="2021-12-09T09:23:06Z" duration-ms="32123" status="PASS">
          <reporter-output>
          </reporter-output>
        </test-method> <!-- Add -->
        <test-method signature="Search()[pri:2, instance:Test.RecruitmentTests@49bf29c6]" started-at="2021-12-09T09:23:06Z" name="Search" finished-at="2021-12-09T09:23:47Z" duration-ms="40913" status="PASS">
          <reporter-output>
          </reporter-output>
        </test-method> <!-- Search -->
        <test-method signature="delete()[pri:3, instance:Test.RecruitmentTests@49bf29c6]" started-at="2021-12-09T09:23:47Z" name="delete" finished-at="2021-12-09T09:23:56Z" duration-ms="8996" status="PASS">
          <reporter-output>
          </reporter-output>
        </test-method> <!-- delete -->
      </class> <!-- Test.RecruitmentTests -->
    </test> <!-- Default test -->
  </suite> <!-- Default suite -->
</testng-results>
